ID: 5
Name: Enhanced Heal
Effect: Increase RCV by 50
Img: img/element/10.png
Monsters: frozenset([929, 651, 943, 1639, 275, 1387, 1482, 1099, 1100, 1215, 687, 1712, 1106, 723, 820, 2806, 1046, 351, 1473, 765, 895])

ID: 8
Name: Reduce Wood Damage
Effect: Reduce damage from Wood enemies by 5%
Img: img/element/30.png
Monsters: frozenset([1038, 277, 1048, 1094, 941, 1080, 1981, 1342, 1343, 1092, 1093, 2374, 1098, 971, 847, 994, 612, 875, 1389, 1853, 757, 1143, 507])

ID: 6
Name: Reduce Fire Damage
Effect: Reduce damage from Fire enemies by 5%
Img: img/element/10.png
Monsters: frozenset([1536, 1026, 2156, 2577, 2206, 937, 2092, 2481, 818, 1523, 1076, 949, 1980, 1342, 1855, 1090, 708, 839, 608, 871, 1132, 2541, 1139, 758, 1343, 1533])

ID: 7
Name: Reduce Water Damage
Effect: Reduce damage from Water enemies by 5%
Img: img/element/20.png
Monsters: frozenset([275, 661, 927, 939, 1078, 1977, 1851, 1342, 1343, 1091, 1737, 610, 845, 994, 995, 2277, 873, 1133, 2286, 1141, 759, 505, 2170, 1534])

ID: 9
Name: Reduce Light Damage
Effect: Reduce damage from Light enemies by 5%
Img: img/element/40.png
Monsters: frozenset([1034, 1044, 837, 2084, 1574, 943, 1976, 1849, 1466, 1093, 710, 761, 1082, 614, 998, 1383, 2664, 999, 1134, 879, 2408, 2546, 2807, 1145, 509])

ID: 4
Name: Enhanced Attack
Effect: Increase ATK by 100
Img: img/element/10.png
Monsters: frozenset([1920, 1921, 2314, 663, 1040, 273, 1042, 279, 1048, 1052, 1056, 816, 1572, 937, 684, 688, 945, 692, 693, 1536, 1208, 1209, 351, 1478, 1441, 1099, 462, 466, 1635, 725, 984, 991, 480, 481, 482, 483, 484, 1381, 1385, 1391, 1781, 1919, 767, 894, 895])

ID: 10
Name: Reduce Dark Damage
Effect: Reduce damage from Dark enemies by 5%
Img: img/element/50.png
Monsters: frozenset([2180, 1030, 2056, 1046, 279, 1054, 1060, 2054, 2545, 945, 2612, 1975, 1848, 1084, 2624, 1094, 714, 849, 1875, 727, 2084, 1250, 2789, 998, 616, 2412, 877, 2542, 1135, 2160, 1137, 885, 760, 511])

ID: 3
Name: Enhanced HP
Effect: Increase HP by 200
Img: img/element/10.png
Monsters: frozenset([1920, 1921, 763, 651, 1036, 955, 1038, 941, 1042, 277, 665, 539, 925, 1054, 1712, 931, 1190, 939, 818, 686, 816, 689, 690, 691, 692, 693, 822, 823, 1208, 1209, 991, 1727, 1473, 1215, 1484, 1486, 721, 2019, 343, 345, 347, 735, 480, 481, 482, 483, 484, 1383, 1641, 351, 894, 1919])

ID: 14
Name: Resistance-Jammers
Effect: 20% Chance to resist jammer attacks
Img: img/element/11.png
Monsters: frozenset([771, 388, 389, 2695, 2569, 1034, 908, 2813, 1690, 2077, 670, 1311, 1825, 2082, 1192, 1194, 2219, 1453, 1584, 1458, 1213, 959, 1352, 1742, 1743, 2129, 2514, 2389, 1633, 2683, 2404, 2540, 1391, 2163, 1526, 2510, 1018, 831, 1533])

ID: 15
Name: Resistance-Poison
Effect: 20% Chance to resist poison attacks
Img: img/element/22.png
Monsters: frozenset([1283, 390, 391, 2569, 907, 2701, 910, 2805, 2074, 1564, 2077, 1056, 1825, 1698, 1371, 1956, 1317, 1062, 1193, 1159, 1196, 1197, 1584, 1457, 947, 2691, 2105, 1451, 1214, 831, 2227, 1350, 1313, 1613, 2639, 2132, 853, 2681, 2521, 2138, 2011, 1116, 1117, 2182, 736, 2021, 2284, 2163, 1918, 888, 1529, 2813, 1534, 2084])

ID: 13
Name: Resistance-Dark
Effect: 20% Chance to resist blind attacks
Img: img/element/55.png
Monsters: frozenset([2689, 2219, 1924, 1157, 2823, 2568, 2569, 906, 396, 909, 1422, 2111, 2813, 1686, 1028, 2077, 2132, 1825, 2083, 1316, 1445, 678, 1319, 2344, 2089, 1195, 1584, 2107, 2738, 1459, 1289, 1466, 2235, 2749, 1492, 831, 2628, 2405, 1480, 1740, 1354, 1099, 1100, 1741, 2510, 397, 1360, 1748, 2389, 1574, 1371, 2012, 1886, 1887, 992, 1725, 1211, 1637, 998, 2279, 1191, 2237, 2162, 1528, 889, 891, 1916, 1405, 2685])

ID: 11
Name: Auto-Recover
Effect: Heal for 500 HP when you clear any drops
Img: img/element/33.png
Monsters: frozenset([1032, 2574, 2070, 535, 1566, 1568, 2090, 1117, 1584, 2105, 1082, 2115, 1100, 1101, 1102, 1103, 1104, 1105, 1106, 2132, 1114, 1115, 1116, 1629, 1127, 2664, 2154, 1639, 2158, 2170, 2180, 1161, 672, 1905, 2228, 1206, 1207, 1210, 1726, 1217, 2243, 1737, 1228, 206, 207, 208, 209, 210, 727, 1242, 731, 1244, 1246, 735, 1248, 1761, 1250, 1763, 1764, 1765, 2278, 2257, 2280, 1285, 1803, 1296, 2326, 2327, 282, 2335, 1318, 1928, 1843, 1342, 841, 2378, 1762, 1358, 1361, 1875, 2391, 865, 1512, 881, 885, 1001, 1917, 1923, 392, 393, 394, 395, 1423, 1936, 1939, 1955, 1956, 2483, 440, 1465, 957, 2498, 2499, 2500, 2502, 2013, 2014, 1511, 1000, 1513, 1514, 1515, 1518, 2543, 2547, 1535])

ID: 17
Name: Enhanced Water Orbs
Effect: Enhanced "+" water orbs have a 20% chance of appearing and increase "+" water orbs damage by 5%
Img: img/element/20.png
Monsters: frozenset([2566, 1040, 2648, 2579, 2074, 2076, 541, 1285, 2080, 2087, 1078, 1592, 2228, 1602, 2123, 2127, 2128, 2130, 2136, 1631, 2144, 610, 1635, 2156, 1133, 1652, 1385, 2170, 1147, 1814, 1680, 665, 2714, 1692, 2737, 690, 692, 2230, 1208, 2748, 1737, 1227, 1740, 1741, 1750, 1752, 733, 1760, 2787, 2277, 2279, 2283, 2284, 2285, 2286, 2799, 1264, 1265, 1268, 1269, 2296, 1273, 2298, 1787, 2812, 1279, 2817, 773, 2822, 2326, 1818, 284, 2334, 1311, 1824, 1841, 820, 823, 845, 2383, 2385, 2387, 1880, 2532, 2403, 2404, 873, 2418, 2025, 1415, 1938, 2453, 920, 409, 413, 1955, 1958, 2289, 1455, 1457, 1458, 951, 442, 2494, 1476, 1989, 967, 975, 2513, 2520, 2010, 476, 996, 997, 489, 2036, 1014, 1527, 505, 2042, 2555, 1532, 1534])

ID: 18
Name: Enhanced Wood Orbs
Effect: Enhanced "+" wood orbs have a 20% chance of appearing and increase "+" wood orbs damage by 5%
Img: img/element/33.png
Monsters: frozenset([2298, 2567, 2576, 1556, 2075, 542, 2081, 2088, 1578, 2738, 1715, 1080, 1593, 2741, 1098, 2127, 2128, 2130, 2649, 1116, 1117, 1631, 612, 1724, 2158, 1654, 2681, 1168, 1682, 2714, 1696, 674, 1197, 1711, 2737, 2226, 691, 2228, 693, 2230, 1209, 1723, 700, 2749, 1742, 719, 1748, 725, 1752, 1754, 1743, 734, 1760, 2279, 2280, 1262, 1263, 1264, 1265, 1266, 1267, 2294, 2807, 1274, 1788, 2818, 2821, 774, 1287, 784, 2323, 1816, 2336, 1313, 987, 1837, 820, 1758, 2372, 2383, 2384, 2386, 1877, 2390, 847, 875, 1902, 1717, 2420, 1417, 921, 410, 929, 1956, 2801, 1453, 953, 443, 1472, 1478, 1991, 970, 971, 1698, 976, 2521, 2011, 477, 2529, 996, 2535, 2026, 1959, 2541, 2038, 1528, 507, 1535])

ID: 16
Name: Enhanced Fire Orbs
Effect: Enhanced "+" fire orbs have a 20% chance of appearing and increase "+" fire orbs damage by 5%
Img: img/element/10.png
Monsters: frozenset([1536, 1026, 2475, 1028, 1036, 2575, 533, 2073, 540, 2079, 1059, 2596, 2086, 2737, 2602, 1584, 1076, 1591, 2113, 1606, 1633, 2127, 2128, 2130, 2647, 2136, 2142, 1631, 608, 1121, 2663, 2154, 1132, 1648, 1650, 2666, 2184, 2699, 2630, 1166, 1690, 2206, 2416, 2722, 1196, 2531, 2333, 1200, 689, 2230, 2744, 1726, 2243, 708, 1225, 1738, 1739, 723, 2510, 1750, 1754, 732, 1760, 2786, 1252, 2278, 1262, 1263, 1268, 1269, 2806, 1272, 1786, 2685, 2773, 2816, 1281, 1283, 772, 2821, 1800, 2314, 782, 1296, 2520, 1812, 283, 1309, 1822, 2294, 1317, 1756, 2346, 1839, 822, 2366, 2784, 839, 2376, 2018, 2384, 2019, 2388, 853, 1879, 857, 2296, 1886, 871, 1387, 1904, 882, 1407, 1413, 1938, 919, 408, 1441, 1954, 1957, 1451, 2477, 949, 441, 1979, 1781, 1987, 964, 1782, 1484, 974, 2513, 2514, 2006, 984, 2009, 2522, 475, 2524, 993, 994, 995, 996, 715, 2535, 2024, 2537, 2034, 1523, 2046, 1526, 503, 1533, 1022])

ID: 19
Name: Enhanced Light Orbs
Effect: Enhanced "+" light orbs have a 20% chance of appearing and increase "+" light orbs damage by 5%
Img: img/element/40.png
Monsters: frozenset([1030, 2569, 2578, 2077, 543, 1060, 2610, 1082, 1631, 2230, 2630, 2126, 2127, 2130, 2650, 2142, 1119, 1637, 614, 2151, 2664, 2666, 1134, 1656, 2683, 1161, 657, 1684, 2735, 2737, 2742, 1208, 1721, 2750, 1727, 1221, 710, 716, 721, 2773, 2084, 1756, 1760, 2281, 1262, 1263, 1266, 1267, 1782, 1789, 1792, 2819, 1796, 775, 1289, 1299, 2327, 1818, 286, 1824, 2337, 2012, 821, 837, 2387, 1879, 1594, 1887, 1169, 879, 883, 2422, 2428, 1923, 1924, 1928, 1419, 2449, 1427, 917, 922, 411, 2463, 933, 1447, 1960, 1449, 2475, 1459, 2486, 1463, 955, 444, 2806, 1482, 2510, 977, 2524, 989, 478, 992, 997, 1510, 2535, 2027, 2542, 2473, 1529, 1018, 509, 2559])

ID: 20
Name: Enhanced Dark Orbs
Effect: Enhanced "+" dark orbs have a 20% chance of appearing and increase "+" dark orbs damage by 5%
Img: img/element/55.png
Monsters: frozenset([2561, 1028, 2055, 1032, 2580, 2076, 2592, 1060, 1062, 2405, 2614, 1084, 2624, 1601, 2626, 2315, 2128, 2130, 2133, 2134, 2651, 2140, 1631, 616, 1641, 1135, 1648, 2152, 1658, 2180, 2695, 2704, 658, 1686, 663, 670, 1696, 1700, 678, 2729, 2737, 2227, 2230, 2743, 2234, 1726, 1215, 704, 1221, 712, 714, 1746, 1748, 2261, 1572, 1758, 1760, 2788, 2282, 1264, 1265, 1266, 1267, 1268, 1269, 1277, 1790, 1794, 771, 2820, 776, 1291, 2316, 786, 1411, 1300, 2325, 1820, 1822, 1825, 2338, 1316, 1847, 1170, 1421, 849, 2388, 1371, 2403, 1381, 2406, 2408, 2620, 2412, 877, 1906, 1907, 2424, 894, 895, 1923, 396, 397, 918, 923, 412, 1445, 1961, 2803, 1974, 1463, 1468, 445, 959, 2497, 1476, 1480, 1993, 1486, 2513, 978, 985, 990, 479, 993, 2530, 487, 2028, 1530, 1020, 511])

ID: 22
Name: Recover Bind
Effect: Eliminating 1 row of hearts will reduce binds by 3 turns
Img: img/element/33.png
Monsters: frozenset([2817, 2261, 2813, 2536, 2566, 2567, 392, 393, 2570, 2187, 1804, 2189, 2574, 2324, 1518, 535, 2328, 2406, 2670, 2287, 2078, 1955, 1319, 1705, 1415, 2512, 1719, 2744, 2745, 2493, 1217, 2370, 2501, 2188, 1867, 1101, 1103, 1744, 931, 2389, 953, 2185, 1625, 1114, 2511, 988, 2533, 2657, 2658, 2659, 2660, 2661, 2662, 1511, 1512, 1513, 1514, 1515, 2668, 1645, 1902, 1917, 2672, 1905, 2674, 1875, 2186, 1535, 2280, 2666, 1557])

ID: 12
Name: Resistance-Bind
Effect: 50% Chance for this monster to resist bind attacks
Img: img/element/11.png
Monsters: frozenset([1024, 2816, 2571, 1556, 1557, 2070, 535, 537, 2078, 2594, 1371, 2085, 1365, 2089, 2090, 1584, 2616, 2626, 2316, 1610, 1102, 2127, 1104, 2132, 2133, 1625, 1119, 1125, 2666, 1643, 1644, 2670, 2493, 1648, 2595, 2674, 2166, 2811, 533, 2179, 1157, 2185, 2186, 2187, 2188, 2189, 2190, 2191, 2192, 2193, 2194, 1694, 2672, 1905, 1705, 2220, 1201, 2227, 2228, 2023, 2744, 2745, 1212, 1217, 1221, 1558, 2082, 2257, 1746, 2259, 2261, 1242, 2411, 1244, 2597, 1022, 2278, 2803, 757, 758, 759, 760, 761, 1274, 1275, 2812, 1792, 2817, 2818, 2819, 2820, 1798, 2668, 1804, 2323, 2324, 2328, 282, 1307, 1413, 1825, 1319, 988, 1415, 2355, 1417, 1343, 2528, 1419, 1505, 1421, 2389, 2391, 859, 2533, 2534, 1897, 1899, 1902, 881, 388, 389, 390, 391, 392, 393, 906, 907, 908, 909, 910, 1423, 1425, 2542, 1435, 2465, 2467, 1956, 2810, 1863, 1969, 2809, 1467, 1469, 2494, 2495, 2496, 2497, 2503, 2504, 2505, 2506, 2511, 1272, 1273, 2010, 987, 2012, 2013, 2526, 1503, 992, 2128, 1507, 996, 997, 2022, 999, 1000, 1001, 1518, 2693, 2036, 1525, 1530, 1533, 1534, 1535])

ID: 21
Name: Extend Time
Effect: The time you can move orbs is increased by 0.5 seconds
Img: img/element/55.png
Monsters: frozenset([2048, 2219, 2566, 2567, 2569, 2570, 2575, 2576, 2577, 2578, 2579, 2580, 533, 535, 1560, 2073, 2074, 2075, 2076, 2077, 2078, 2080, 2081, 2594, 2083, 2537, 2104, 1084, 2109, 1741, 1707, 2119, 1613, 2639, 2641, 1106, 1112, 1113, 1114, 1115, 2234, 2142, 2144, 2657, 2146, 2659, 2660, 2661, 2662, 2663, 1645, 2595, 2674, 2163, 2677, 2166, 2679, 2170, 1557, 2693, 1159, 2697, 1559, 657, 1684, 2711, 2714, 668, 2206, 2719, 674, 2699, 1625, 1705, 2731, 2221, 2735, 2737, 2230, 1719, 2744, 2745, 2746, 1724, 704, 2756, 2291, 2249, 2253, 2766, 2255, 1744, 1745, 2259, 2261, 2780, 2782, 2271, 1760, 2768, 1627, 2769, 2280, 2282, 2801, 1747, 2292, 2805, 1782, 2808, 2809, 2298, 1275, 2813, 2814, 1794, 2819, 2535, 2317, 2322, 2323, 1300, 2325, 2771, 1839, 1825, 1322, 2610, 989, 1841, 1843, 2357, 999, 2360, 2362, 2687, 1845, 2368, 1419, 2785, 1865, 1847, 1871, 2385, 2386, 2387, 2389, 2390, 2296, 863, 1888, 1889, 2407, 487, 1902, 1903, 1904, 1905, 1001, 888, 1915, 1916, 1407, 1924, 2536, 1926, 2441, 2443, 2444, 2445, 2447, 1937, 1939, 1942, 2459, 1951, 2465, 1954, 1955, 2469, 2473, 2475, 2479, 2803, 2485, 2486, 1468, 2718, 2294, 2503, 2509, 2510, 2511, 2512, 2513, 2658, 2008, 2009, 2010, 2011, 2012, 2013, 990, 995, 1105, 1000, 489, 2539, 2765, 2034, 1014, 2042, 1022])

ID: 24
Name: Enhanced Fire Attribute
Effect: Eliminating 1 row of fire orbs will increase your fire damage by 10%
Img: img/element/10.png
Monsters: frozenset([1536, 1026, 2057, 2570, 2574, 1558, 2073, 2079, 1059, 1576, 2092, 2094, 1584, 1076, 2398, 1590, 1121, 1615, 2642, 1109, 1112, 1113, 2657, 1645, 2685, 2179, 2185, 652, 2206, 672, 1191, 1196, 1200, 2744, 1210, 2235, 1726, 1728, 715, 2756, 1225, 1738, 1739, 2253, 1230, 729, 1244, 2784, 1252, 2278, 1262, 1263, 2800, 755, 756, 2805, 2294, 2429, 2816, 1281, 1283, 2604, 2317, 1296, 1301, 1302, 2265, 2328, 2343, 2355, 1344, 322, 323, 324, 325, 843, 1356, 1875, 343, 2392, 857, 1886, 1889, 882, 889, 1917, 1413, 2445, 1937, 919, 1433, 1435, 2469, 1973, 961, 2498, 2503, 462, 2512, 2514, 2515, 2006, 475, 2019, 1511, 2536, 1533])

ID: 25
Name: Enhanced Water Attribute
Effect: Eliminating 1 row of water orbs will increase your water damage by 10%
Img: img/element/20.png
Monsters: frozenset([2053, 2566, 1555, 1559, 1561, 2074, 2096, 1078, 2104, 2117, 1095, 2123, 1617, 2643, 1115, 2658, 1123, 2236, 1147, 345, 2691, 1302, 2186, 653, 2255, 1192, 2218, 1199, 1201, 1211, 2748, 1729, 1227, 1740, 1229, 1741, 1745, 2263, 2267, 2277, 2799, 1264, 1265, 2802, 2296, 2815, 2817, 1285, 2322, 2326, 1303, 1307, 986, 1320, 1345, 326, 1863, 328, 329, 1362, 2391, 2393, 859, 1375, 2406, 890, 2427, 2430, 1925, 1415, 2443, 1935, 920, 1955, 327, 961, 2499, 1476, 2504, 466, 2516, 2010, 476, 2023, 1512, 1014, 2042, 1279, 1532, 1534])

ID: 27
Name: Enhanced Light Attribute
Effect: Eliminating 1 row of light orbs will increase your light damage by 10%
Img: img/element/40.png
Monsters: frozenset([2050, 2052, 1558, 1559, 1560, 1561, 2597, 2089, 2090, 2100, 2105, 1082, 2109, 2121, 2124, 2645, 1110, 1119, 2660, 1127, 1676, 655, 2245, 2217, 1194, 1197, 2188, 2232, 1213, 2238, 1221, 2764, 1744, 1745, 2777, 1246, 1250, 2791, 1263, 1267, 1782, 1791, 1289, 2327, 1304, 1305, 1318, 1322, 1845, 2364, 1342, 1347, 1865, 1354, 334, 335, 336, 337, 2395, 861, 1375, 2400, 865, 1510, 1907, 1915, 2538, 2434, 1926, 1928, 2441, 394, 395, 2447, 922, 1951, 1976, 957, 2501, 2506, 2518, 478, 2528, 1360, 2022, 1873, 1514, 2542, 2551, 1018])

ID: 26
Name: Enhanced Wood Attribute
Effect: Eliminating 1 row of wood orbs will increase your wood damage by 10%
Img: img/element/30.png
Monsters: frozenset([2298, 2563, 2054, 2567, 2568, 2226, 1117, 2098, 1590, 1080, 2115, 1096, 1098, 1619, 2644, 1629, 2659, 1212, 2670, 2237, 2163, 2172, 2689, 2187, 654, 1688, 1193, 2218, 1197, 2738, 2228, 1206, 2232, 2746, 700, 2749, 2752, 1730, 1742, 1743, 1242, 2269, 2280, 1259, 1260, 2287, 2801, 1266, 1267, 2807, 2808, 2809, 2810, 2811, 2814, 1287, 2320, 1301, 1303, 2343, 1320, 1845, 1346, 1352, 841, 330, 331, 332, 1869, 1724, 2394, 347, 863, 1939, 888, 891, 1918, 2431, 1409, 1422, 1935, 2451, 921, 2461, 2471, 1969, 947, 440, 1981, 2500, 2505, 2509, 333, 2512, 2517, 477, 2016, 1513, 2549, 2557, 1535])

ID: 28
Name: Enhanced Dark Attribute
Effect: Eliminating 1 row of dark orbs will increase your dark damage by 10%
Img: img/element/50.png
Monsters: frozenset([2052, 2646, 2566, 2567, 2570, 2059, 1552, 1553, 1560, 537, 2055, 2102, 1084, 2622, 2111, 2122, 1105, 2133, 2134, 1111, 2661, 2662, 1129, 1644, 1645, 1646, 1215, 2176, 1157, 1159, 2189, 656, 658, 668, 2245, 678, 1195, 1199, 2227, 1205, 1207, 2745, 2746, 1214, 2239, 704, 1731, 1221, 712, 2255, 1746, 1748, 2775, 1248, 2273, 2788, 2791, 1265, 2802, 2803, 1268, 2805, 2809, 1291, 2317, 2318, 1304, 1305, 2344, 2695, 1849, 1348, 1869, 2445, 338, 339, 340, 341, 855, 2396, 1379, 2406, 2409, 2410, 1906, 1907, 2432, 2433, 1927, 396, 397, 1939, 923, 2292, 1978, 1269, 1476, 2507, 2519, 2526, 479, 1933, 1515, 2040])

ID: 31
Name: Enhanced Heart Orbs
Effect: Enhanced "+" heart orbs have a 20% chance of appearing and increase "+" heart orbs heal amount
Img: img/element/10.png
Monsters: frozenset([1344, 2663, 2518, 1345, 1303, 652, 653, 654, 655, 656, 1304, 1347, 2447, 1301, 1302, 919, 920, 921, 922, 923, 1305, 2714, 2463, 2681, 2496, 2473, 1839, 1841, 2495, 2289, 2238, 1727, 1728, 1729, 1730, 1731, 1348, 2384, 2385, 2386, 2515, 2388, 2517, 2390, 2519, 2392, 2393, 2394, 2395, 2396, 2142, 2144, 998, 1511, 1512, 1513, 1514, 1515, 1346, 2416, 2280, 2418, 1299, 2420, 2750, 2422, 2281, 2424, 2516, 2574, 2239, 892, 893, 1535])

ID: 32
Name: Multi Boost
Effect: 1.5x stat boost in Multiplayer Dungeons
Img: img/element/44.png
Monsters: frozenset([2568, 2569, 2570, 657, 2094, 1839, 2096, 2098, 1843, 2100, 2102, 2506, 1881, 1882, 1883, 1884, 1885, 995, 997, 999, 2536, 1001, 2537, 888])

ID: 33
Name: Dragon Killer
Effect: 3x ATK against Dragon type enemies ( for this card only )
Img: img/element/14.png
Monsters: frozenset([388, 390, 392, 652, 1552, 1300, 2604, 2606, 2746, 1739, 1740, 1742, 1745, 987, 1117, 990, 994, 2538, 1259, 1262, 2799, 1264, 1266, 1268, 2815])

ID: 34
Name: God Killer
Effect: 3x ATK against God type enemies ( for this card only )
Img: img/element/15.png
Monsters: frozenset([389, 391, 393, 395, 397, 656, 658, 2713, 2594, 2780, 756, 2507, 1356, 1613, 1358, 2641, 1113, 986, 1116, 2526, 1260, 1262, 2557, 1264, 1266, 1268, 2677, 2553, 2555, 893])

ID: 35
Name: Devil Killer
Effect: 3x ATK against Devil type enemies ( for this card only )
Img: img/element/14.png
Monsters: frozenset([388, 390, 392, 394, 396, 655, 1296, 1299, 2711, 987, 2602, 2610, 2744, 2745, 1344, 1345, 1346, 2764, 1115, 988, 1117, 2528, 2533, 755, 889, 890, 891, 892])

ID: 36
Name: Machine Killer
Effect: 3x ATK against Machine type enemies ( for this card only )
Img: img/element/15.png
Monsters: frozenset([1296, 1347, 1348, 389, 391, 2504, 393, 653, 654, 2765, 2800, 1553, 2574, 2608, 1112, 1114, 1116, 989])

ID: 30
Name: Resistance-Skill Bind
Effect: 20% chance to resist team skill-lock
Img: img/element/55.png
Monsters: frozenset([2070, 2073, 2074, 2075, 2076, 2077, 2078, 2079, 2081, 2082, 2092, 2094, 2096, 2098, 2100, 2102, 2113, 2117, 2119, 2124, 2126, 2129, 2142, 2144, 2146, 2148, 2150, 2163, 2172, 2184, 2190, 2191, 2192, 2193, 2194, 2206, 2217, 2230, 2235, 2236, 2237, 2245, 2247, 2248, 2249, 2253, 2255, 2261, 2263, 2265, 2267, 2269, 2271, 2273, 2279, 2280, 2281, 2282, 2285, 2289, 2291, 2292, 2318, 2321, 2324, 2325, 2340, 2342, 2357, 2360, 2364, 2372, 396, 397, 2387, 2388, 2389, 2390, 2391, 2392, 2393, 2394, 2395, 2396, 2400, 2402, 2407, 2409, 2410, 2411, 2412, 2416, 2418, 2420, 2422, 2424, 2427, 394, 395, 2444, 2445, 2447, 2453, 2459, 2461, 2463, 2465, 2473, 2475, 755, 2498, 2499, 2500, 2501, 2502, 2503, 2504, 2505, 2506, 2507, 2510, 2511, 2524, 2526, 2528, 2533, 2534, 2536, 2537, 2538, 2540, 2541, 2549, 2551, 2553, 2555, 2557, 2559, 2561, 2566, 2567, 2568, 2569, 2570, 2574, 2592, 2594, 2595, 2602, 2608, 2612, 2618, 2620, 2641, 2657, 2658, 2659, 2660, 2661, 2662, 2663, 2666, 2668, 2670, 2672, 2674, 2677, 2679, 2687, 652, 653, 654, 655, 656, 657, 658, 2711, 2713, 2714, 2719, 2737, 2745, 2746, 2748, 2749, 2750, 2752, 2756, 2764, 2766, 2768, 2769, 2771, 2773, 2801, 2802, 2803, 756, 2810, 2811, 2813, 2814, 2815, 2816, 2818, 2820, 2821, 821, 851, 855, 489, 888, 889, 890, 891, 892, 893, 895, 986, 988, 989, 990, 994, 995, 996, 997, 998, 999, 1000, 1001, 1102, 1104, 1105, 1112, 1113, 1114, 1115, 1201, 1205, 1246, 1248, 1259, 1260, 1279, 1299, 1300, 1301, 1302, 1303, 1304, 1305, 1307, 1309, 1319, 1344, 1345, 1346, 1347, 1348, 1356, 1360, 1373, 1375, 1413, 1417, 1421, 1449, 1455, 1458, 1459, 1465, 1476, 1492, 1511, 1512, 1513, 1514, 1515, 1527, 1552, 1553, 1556, 1559, 1561, 1578, 1582, 1584, 1613, 1615, 1617, 1619, 1621, 1623, 1627, 1644, 1650, 1652, 1654, 1656, 1658, 1678, 1682, 1688, 1692, 1707, 1719, 1738, 1739, 1740, 1742, 1744, 1745, 1747, 1760, 1825, 2011, 1837, 1839, 1841, 1843, 1845, 1847, 1848, 1849, 1869, 1873, 1875, 1886, 1887, 1889, 1903, 1926, 1927, 1941, 1951, 1954, 1955, 1969, 1973, 1975, 1978, 2009, 2010, 2383, 2012, 2013, 2014, 2016])

ID: 29
Name: Two-Pronged Attack
Effect: Eliminating exactly 4 connected orbs of the same color for 1.5x ATK on 2 enemies
Img: img/element/44.png
Monsters: frozenset([2048, 2050, 2056, 2057, 2070, 2075, 2076, 2077, 2078, 2081, 2082, 2083, 2086, 2087, 2088, 2094, 2096, 2098, 2100, 2102, 2104, 2107, 2121, 2122, 2126, 2133, 2134, 2136, 2146, 2148, 2150, 2162, 2163, 2182, 2190, 2191, 2192, 2193, 2194, 2217, 2218, 2221, 2226, 2227, 2232, 2235, 2236, 2237, 2238, 2239, 2240, 2247, 2248, 2249, 2253, 2259, 2271, 2279, 2281, 2282, 2287, 2289, 2291, 2292, 2314, 2315, 2316, 2318, 2320, 2321, 2322, 2323, 2324, 2326, 2328, 2340, 2342, 2343, 2344, 2346, 2357, 2360, 2362, 2366, 2368, 2370, 395, 2372, 2384, 2385, 2386, 2389, 2390, 2392, 2393, 2394, 2396, 2398, 2402, 2407, 2409, 2410, 2412, 2441, 394, 2443, 2444, 2449, 2453, 2459, 2467, 2469, 2479, 2493, 2494, 2495, 2496, 2497, 2502, 2509, 2510, 2511, 2514, 2526, 2528, 2529, 2530, 763, 2532, 2534, 2538, 2539, 2541, 2813, 2553, 767, 2565, 2568, 2569, 533, 2594, 2595, 2596, 2608, 2620, 2639, 2641, 2658, 2660, 2661, 2663, 2672, 2677, 2683, 2697, 2703, 2714, 2716, 2718, 674, 2731, 2741, 2742, 2743, 2745, 2746, 2748, 2749, 2750, 2764, 2765, 2768, 2769, 2771, 2777, 732, 733, 734, 2800, 755, 756, 2808, 2810, 2811, 2812, 765, 2815, 2818, 2819, 2820, 822, 823, 2531, 889, 891, 892, 893, 917, 918, 933, 951, 984, 985, 986, 987, 1020, 1024, 1052, 1060, 1095, 1096, 1109, 1110, 1111, 1116, 1123, 1129, 1137, 1139, 1141, 1143, 1145, 1191, 1192, 1193, 1194, 1195, 1200, 1201, 1206, 1207, 1209, 1215, 1225, 1227, 1263, 1265, 1267, 1269, 1299, 1301, 1302, 1303, 1304, 1305, 1342, 1343, 1350, 1358, 1360, 1363, 1364, 1371, 1373, 1375, 1405, 1409, 1411, 1417, 1419, 1421, 1422, 1425, 1427, 1433, 1447, 1465, 1472, 1473, 1476, 1503, 1505, 1507, 1510, 1525, 1532, 1536, 1554, 1555, 1556, 1557, 1558, 1559, 1560, 1561, 1562, 1564, 1590, 1602, 1604, 1606, 1613, 1615, 1617, 1619, 1621, 1623, 1627, 1650, 1652, 1654, 1656, 1658, 1676, 1678, 1680, 1684, 1686, 1707, 1711, 1712, 1721, 1723, 1725, 1726, 1727, 1728, 1729, 1730, 1731, 1738, 1741, 1743, 1744, 1747, 1748, 1784, 1791, 1792, 1796, 1798, 1837, 1841, 1843, 1847, 1848, 1857, 1865, 1867, 1871, 1877, 1881, 1882, 1883, 1884, 1885, 1887, 1888, 1889, 1897, 1899, 1902, 1904, 1906, 1919, 1920, 1921, 1923, 1925, 1928, 1936, 1937, 1938, 1939, 1941, 1951, 1954, 1955, 1956, 1969, 1973, 1977, 1979, 1980, 2722, 2008, 2009, 2011, 2014, 2016, 2020, 2021, 2034, 2038, 2046])

ID: 23
Name: Skill Boost
Effect: The entire team starts with 1 turn worth of skills charged
Img: img/element/10.png
Monsters: frozenset([2048, 2050, 2053, 2059, 2070, 2073, 2074, 2075, 2076, 2077, 2078, 2080, 2081, 2082, 2083, 2084, 2086, 2087, 2088, 2089, 2090, 2092, 2094, 2096, 2098, 2100, 2102, 2117, 2121, 2123, 2124, 2127, 2128, 2129, 2130, 2133, 2134, 2142, 2144, 2146, 2148, 2150, 2163, 2166, 2170, 2172, 2176, 2179, 2182, 2184, 2185, 2186, 2187, 2188, 2189, 2190, 2191, 2192, 2193, 2194, 2206, 2217, 2218, 2220, 2221, 2226, 2227, 2230, 2232, 2235, 2236, 2237, 2238, 2239, 2240, 2245, 2247, 2248, 2249, 2253, 206, 2255, 208, 209, 210, 2259, 2261, 2263, 2265, 2267, 2269, 2271, 2273, 2277, 2278, 2279, 2280, 2281, 2282, 2287, 2289, 2292, 2314, 2315, 2317, 2318, 2320, 2321, 2322, 2323, 2324, 2325, 2326, 2327, 2328, 283, 284, 2333, 286, 2336, 2337, 2338, 2340, 2342, 2343, 2344, 2355, 2357, 310, 311, 312, 313, 2362, 315, 2364, 2366, 2368, 2370, 323, 324, 325, 326, 327, 328, 329, 330, 331, 332, 333, 334, 335, 336, 337, 338, 339, 340, 341, 2390, 2391, 2392, 2393, 2394, 2395, 2396, 2398, 2400, 2402, 2403, 2406, 2407, 2408, 2409, 2410, 2412, 2427, 2429, 2430, 2431, 2432, 2433, 2434, 2441, 394, 2443, 396, 397, 2447, 2449, 2451, 408, 409, 410, 411, 412, 413, 2463, 2459, 2469, 2471, 2473, 2785, 2475, 2477, 2461, 2803, 2485, 2486, 441, 442, 443, 444, 445, 2494, 2495, 2496, 2497, 2498, 2499, 2500, 2501, 2502, 2503, 2504, 2505, 2506, 2507, 2509, 2510, 2511, 2512, 2513, 2514, 2515, 2516, 2517, 2518, 2519, 2520, 2522, 2526, 480, 481, 482, 483, 484, 2533, 2534, 487, 2536, 489, 2538, 2539, 2540, 2549, 503, 2559, 2561, 2565, 2566, 2567, 2568, 2569, 2570, 535, 537, 540, 541, 542, 543, 2592, 2594, 2595, 2596, 2602, 2604, 2606, 2608, 2610, 2614, 2616, 2618, 2622, 2630, 2639, 2641, 2642, 2643, 2644, 2645, 2646, 2647, 2648, 2649, 2650, 2651, 2657, 2658, 2659, 2660, 2661, 2662, 2663, 2666, 2668, 2670, 2493, 2672, 2674, 2677, 2679, 2687, 2689, 2691, 651, 652, 653, 654, 655, 656, 657, 658, 661, 2711, 2713, 2714, 2716, 2718, 2719, 672, 2722, 2729, 685, 2737, 2738, 2745, 2746, 2748, 2749, 2750, 2752, 2756, 716, 2765, 2766, 719, 2768, 2769, 2773, 2820, 729, 731, 2780, 2782, 736, 737, 2786, 739, 740, 741, 2799, 2800, 2801, 2802, 755, 756, 2805, 2806, 2807, 2808, 2810, 2811, 2812, 2813, 2814, 2815, 2816, 2817, 2818, 2819, 772, 773, 774, 775, 776, 782, 784, 786, 828, 830, 2528, 2551, 841, 843, 855, 857, 859, 861, 863, 865, 2535, 883, 2537, 888, 889, 890, 891, 892, 893, 917, 919, 920, 921, 922, 923, 964, 967, 970, 971, 974, 975, 976, 977, 978, 985, 986, 988, 989, 990, 993, 994, 995, 996, 998, 1873, 1000, 1020, 1024, 1062, 1885, 1076, 1078, 1080, 1082, 1084, 1090, 1091, 1092, 1093, 1094, 1095, 1096, 1109, 1110, 1111, 1112, 1113, 1114, 1115, 1123, 1125, 1127, 1129, 1132, 1133, 1134, 1135, 1161, 1166, 1168, 1169, 1170, 1190, 1191, 1192, 1193, 1194, 1195, 1199, 1201, 1206, 1207, 1210, 1211, 1212, 1213, 1214, 1215, 1217, 1221, 1228, 1229, 1230, 1242, 207, 1244, 2701, 1252, 2257, 1259, 1260, 1263, 1265, 1267, 1269, 1272, 1273, 1274, 1277, 1279, 1281, 1287, 1291, 1299, 1300, 1301, 1302, 1303, 1304, 1305, 2703, 1320, 1342, 1343, 1344, 1345, 1346, 1347, 1348, 1350, 1352, 1354, 1356, 1358, 1360, 1361, 1362, 1363, 1364, 1365, 2764, 1371, 1373, 1375, 1379, 1405, 1407, 1409, 1411, 1413, 1415, 1417, 1419, 1421, 1422, 1423, 1425, 2334, 1427, 1433, 1435, 1458, 1459, 1463, 1472, 1473, 1476, 1492, 1503, 1505, 1507, 1518, 1525, 1533, 1534, 1535, 1536, 1552, 1553, 1554, 1555, 1556, 1557, 1558, 1559, 1560, 1561, 1562, 1564, 1576, 1582, 1584, 1591, 1592, 1593, 1594, 1601, 1602, 1604, 1606, 1610, 1613, 1615, 1617, 1619, 1621, 1623, 1625, 1627, 395, 1629, 1631, 1643, 1644, 1645, 1650, 1652, 1654, 1656, 1658, 1676, 1678, 1680, 1688, 1700, 1705, 1707, 1711, 1712, 1713, 1715, 1717, 1721, 2444, 1723, 1724, 1725, 1726, 1727, 1728, 1729, 1730, 1731, 2821, 1737, 1738, 1739, 1740, 1741, 1742, 1743, 1744, 1745, 1746, 1747, 1748, 2445, 1756, 1758, 1760, 1761, 1762, 1763, 1764, 1765, 1781, 1782, 2787, 1784, 1791, 1796, 1798, 1800, 1839, 1841, 1843, 1845, 1847, 1848, 1849, 1857, 1863, 1867, 1871, 2360, 1875, 1877, 1879, 1881, 1882, 1883, 1884, 314, 1887, 1888, 1889, 1897, 1899, 1902, 1903, 1904, 1905, 1906, 1907, 1915, 1916, 1919, 1920, 1921, 1923, 1925, 1926, 1927, 1928, 322, 1937, 1938, 1939, 1941, 1942, 1951, 1954, 1955, 1956, 1957, 1958, 1959, 1960, 1961, 1969, 1973, 1974, 1975, 1976, 1977, 1978, 1979, 1980, 1981, 2006, 2008, 2009, 2010, 2011, 2012, 2013, 2014, 2016, 2384, 2021, 2034, 2387, 2036, 2038, 2040, 2388, 2046, 2389])

