Today's Events:
Daily Dungeon:
Dungeon ID: [['1043', None], ['261', None], ['261', None], ['830', '1042'], ['830', '1042']]
Start Time: ['8 am', '1 pm', '6 pm', '10 am', '9:30 pm']

Daily Dungeon:
Dungeon ID: [['1043', None], ['261', None], ['261', None], ['830', '1042'], ['830', '1042']]
Start Time: ['9 am', '2 pm', '7 pm', '11:30 am', '3:30 pm']

Daily Dungeon:
Dungeon ID: [['1043', None], ['261', None], ['261', None], ['830', '1042'], ['830', '1042']]
Start Time: ['10 am', '3 pm', '8 pm', '1 pm', '5 pm']

Daily Dungeon:
Dungeon ID: [['1043', None], ['261', None], ['261', None], ['830', '1042'], ['830', '1042']]
Start Time: ['11 am', '4 pm', '9 pm', '2:30 pm', '6:30 pm']

Daily Dungeon:
Dungeon ID: [['1043', None], ['261', None], ['261', None], ['830', '1042'], ['830', '1042']]
Start Time: ['12 pm', '5 pm', '10 pm', '8:30 am', '8 pm']

Tomorrow's Events:
Daily Dungeon:
Dungeon ID: [['1650', None], ['260', None], ['1439', None]]
Start Time: ['--', '--', '--']

Daily Dungeon:
Dungeon ID: [['1650', None], ['260', None], ['1439', None]]
Start Time: ['--', '--', '--']

Daily Dungeon:
Dungeon ID: [['1650', None], ['260', None], ['1439', None]]
Start Time: ['--', '--', '--']

Daily Dungeon:
Dungeon ID: [['1650', None], ['260', None], ['1439', None]]
Start Time: ['--', '--', '--']

Daily Dungeon:
Dungeon ID: [['1650', None], ['260', None], ['1439', None]]
Start Time: ['--', '--', '--']

Weekly Dungeon Event:
Event
Start Date: 04/09
End Date: 04/11
Start Time: 01:00
End Time: 00:59
Dungeon ID: 994
Info: Weekend Dungeon

Event
Start Date: 03/25
End Date: 04/11
Start Time: 01:00
End Time: 00:59
Dungeon ID: 1935
Info: Challenge Dungeons! 23

Event
Start Date: 03/25
End Date: 04/11
Start Time: 01:00
End Time: 00:59
Dungeon ID: 1817
Info: Hera-Ur Descended! 5x4 Board from Coin Dungeon

Event
Start Date: 03/28
End Date: 04/11
Start Time: 01:00
End Time: 00:59
Dungeon ID: 1853
Info: Ancient Fire & Lake Dragons Multiplayer Dungeon

Event
Start Date: 04/04
End Date: 04/11
Start Time: 01:00
End Time: 00:59
Dungeon ID: 1318
Info: Gift from the Heavenly Garden

Event
Start Date: 04/04
End Date: 04/11
Start Time: 01:00
End Time: 00:59
Dungeon ID: 1999
Info: Athena Tournament

Event
Start Date: 04/04
End Date: 04/18
Start Time: 01:00
End Time: 00:59
Dungeon ID: 2024
Info: BLEACH Collab

Event
Start Date: 04/09
End Date: 04/10
Start Time: 01:00
End Time: 00:59
Dungeon ID: 799
Info: Kanetsugu!

Event
Start Date: 04/09
End Date: 04/10
Start Time: 01:00
End Time: 00:59
Dungeon ID: 689
Info: Sandalphon Descended!

Event
Start Date: 04/09
End Date: 04/10
Start Time: 01:00
End Time: 00:59
Dungeon ID: 1021
Info: Dark Knight!

Event
Start Date: 04/09
End Date: 04/10
Start Time: 01:00
End Time: 00:59
Dungeon ID: 1853
Info: Ancient Fire & Lake Dragons Drop Rate x2

Event
Start Date: 04/09
End Date: 04/10
Start Time: 01:00
End Time: 00:59
Dungeon ID: 2024
Info: BLEACH Collab Drop Rate x2

Event
Start Date: 04/10
End Date: 04/11
Start Time: 01:00
End Time: 00:59
Dungeon ID: 453
Info: Zeus-Dios Descended!

Event
Start Date: 04/10
End Date: 04/11
Start Time: 01:00
End Time: 00:59
Dungeon ID: 1106
Info: Medjedra Descended!

Event
Start Date: 04/10
End Date: 04/11
Start Time: 01:00
End Time: 00:59
Dungeon ID: 1456
Info: Ultimate Arena

Event
Start Date: 04/10
End Date: 04/11
Start Time: 01:00
End Time: 00:59
Dungeon ID: 1853
Info: Ancient Fire & Lake Dragons Drop Rate x2

Event
Start Date: 04/10
End Date: 04/11
Start Time: 01:00
End Time: 00:59
Dungeon ID: 2024
Info: BLEACH Collab Drop Rate x2

Event
Start Date: 04/12
End Date: 04/13
Start Time: 01:00
End Time: 00:59
Dungeon ID: 2024
Info: BLEACH Collab Drop Rate x2

Event
Start Date: 04/14
End Date: 04/15
Start Time: 01:00
End Time: 00:59
Dungeon ID: 2024
Info: BLEACH Collab Drop Rate x2

Event
Start Date: 04/16
End Date: 04/17
Start Time: 01:00
End Time: 00:59
Dungeon ID: 2024
Info: BLEACH Collab Drop Rate x2

Event
Start Date: 04/17
End Date: 04/18
Start Time: 01:00
End Time: 00:59
Dungeon ID: 2024
Info: BLEACH Collab Drop Rate x2

Weekly Event:
Event
Start Date: 03/25
End Date: 04/11
Start Time: 01:00
End Time: 00:59
Dungeon ID: None
Info: x3 Skill Up rate

Event
Start Date: 03/25
End Date: 04/11
Start Time: 01:00
End Time: 00:59
Dungeon ID: None
Info: TAMADRAs may appear in Castle of Satan

Event
Start Date: 03/25
End Date: 04/11
Start Time: 01:00
End Time: 00:59
Dungeon ID: None
Info: +Egg rate for Legendary Tech Dungeons Egg drop rate isn't increased Chance that dropped Egg will have +

Event
Start Date: 03/25
End Date: 04/11
Start Time: 01:00
End Time: 00:59
Dungeon ID: None
Info: x1.5 Drops for Coin Dungeons

Event
Start Date: 04/01
End Date: 04/16
Start Time: 01:00
End Time: 00:59
Dungeon ID: None
Info: Coin Dungeons - 35th Rotation

Event
Start Date: 04/04
End Date: 04/11
Start Time: 13:00
End Time: 00:59
Dungeon ID: None
Info: x10 +Egg rate for Descended Dungeons Egg drop rate isn't increased Chance that dropped Egg will have +

Event
Start Date: 04/12
End Date: 04/13
Start Time: 23:00
End Time: 07:59
Dungeon ID: None
Info: Official Maintenance Visit PAD Official Facebook for details

