Series ID: 7
Series Name: Knight
Monsters in Series: [68, 69, 70, 71, 72, 73, 74, 75, 76, 77, 906, 907, 908, 909, 910]

Series ID: 1
Series Name: Starter Dragon
Monsters in Series: [1, 2, 3, 4, 5, 6, 7, 8, 9, 10, 11, 12, 13, 14, 15, 16, 17, 18, 19, 20, 480, 481, 482, 483, 484, 1919, 1920, 1921]

Series ID: 3
Series Name: Slime
Monsters in Series: [36, 37, 38, 39, 40, 41, 42, 43, 44, 45, 684, 685, 686, 687, 688, 742, 743, 744, 1190]

Series ID: 4
Series Name: Carbuncle
Monsters in Series: [46, 47, 48, 49, 50, 51, 52, 53, 54, 55, 206, 207, 208, 209, 210]

Series ID: 6
Series Name: Ogre
Monsters in Series: [62, 63, 64, 65, 66, 67, 310, 311, 312, 313, 314, 315]

Series ID: 5
Series Name: Goblin
Monsters in Series: [56, 57, 58, 59, 60, 61, 689, 690, 691]

Series ID: 2
Series Name: Ripper Dragon
Monsters in Series: [21, 22, 23, 24, 25, 26, 27, 28, 29, 30, 31, 32, 33, 34, 35, 211, 212, 213, 214, 215, 1090, 1091, 1092, 1093, 1094]

Series ID: 11
Series Name: Heart Converter
Monsters in Series: [106, 107, 110, 111, 221, 222, 223, 224, 225, 226, 512, 513, 514, 515, 516, 692, 693, 694, 894, 895, 972, 973, 982, 983, 984, 1208, 1209, 1270, 1271, 1516, 1517, 1727, 1728, 1729, 1730, 1731]

Series ID: 9
Series Name: Healer Girl
Monsters in Series: [88, 89, 90, 91, 92, 93, 94, 95, 96, 97, 201, 202, 203, 204, 205, 1099, 1100, 1101, 1102, 1103, 1104, 1105, 1106]

Series ID: 8
Series Name: Golem
Monsters in Series: [78, 79, 80, 81, 82, 83, 84, 85, 86, 87, 316, 317, 318, 319, 320, 1272, 1273, 1274, 2127, 2128]

Series ID: 13
Series Name: Greco-Roman God
Monsters in Series: [122, 123, 124, 125, 126, 127, 128, 129, 130, 131, 388, 389, 390, 391, 392, 393, 394, 395, 396, 397, 1533, 1534, 1535, 1748, 1928]

Series ID: 14
Series Name: Japanese God 1
Monsters in Series: [132, 133, 134, 135, 136, 137, 138, 139, 140, 141, 755, 756, 986, 987, 988, 989, 990, 1555, 1556, 1557, 1726, 2322, 2323, 2324, 2325]

Series ID: 10
Series Name: Mystic Knight
Monsters in Series: [98, 99, 100, 101, 102, 103, 104, 105, 108, 109, 229, 230, 231, 232, 233, 822, 823, 824, 825, 826, 2741, 2742, 2743]

Series ID: 12
Series Name: Late Bloomer Dragon
Monsters in Series: [112, 113, 114, 115, 116, 117, 118, 119, 120, 121, 322, 323, 324, 325, 326, 327, 328, 329, 330, 331, 332, 333, 334, 335, 336, 337, 338, 339, 340, 341, 1095, 1096, 1109, 1110, 1111]

Series ID: 15
Series Name: Legendary Dragon
Monsters in Series: [98, 142, 143, 144, 145, 146, 408, 409, 410, 411, 412, 413]

Series ID: 16
Series Name: Keeper
Monsters in Series: [147, 148, 149, 150, 151, 321, 1176]

Series ID: 17
Series Name: Dragon Material
Monsters in Series: [98, 152, 153, 154, 227]

Series ID: 18
Series Name: Spirit
Monsters in Series: [155, 156, 157, 158, 159, 160, 246, 247, 248, 249, 250, 251, 915, 916, 2413, 2414]

Series ID: 19
Series Name: Mask
Monsters in Series: [161, 162, 163, 164, 165, 166, 167, 168, 169, 170, 171, 172, 173, 174, 175, 234, 1294, 1295]

Series ID: 20
Series Name: Metal Dragon
Monsters in Series: [176, 177, 178, 179, 180, 181, 252, 253, 254, 255, 256, 257, 258, 259, 260, 261, 309, 429, 430, 617, 618, 619, 798, 1324, 2644, 2647]

Series ID: 21
Series Name: Ragnarok Online Collab
Monsters in Series: [182, 183, 184, 185, 186, 228, 593, 594, 595, 1308, 1309, 1310, 1311, 1312, 1313, 1314, 1315, 1316, 1317]

Series ID: 22
Series Name: Devil
Monsters in Series: [191, 192, 193, 194, 195, 196, 197, 198, 199, 200, 475, 476, 477, 478, 479]

Series ID: 23
Series Name: Sky Dragon
Monsters in Series: [216, 217, 218, 219, 220, 719, 772, 773, 774, 775, 776]

Series ID: 24
Series Name: Indian God 1
Monsters in Series: [236, 237, 238, 239, 240, 241, 242, 243, 244, 245, 657, 658, 1112, 1113, 1114, 1115, 1116, 1117, 1926, 1927, 1954, 1955, 1956]

Series ID: 25
Series Name: Chimera
Monsters in Series: [262, 263, 264, 265, 266, 267, 268, 269, 270, 271]

Series ID: 26
Series Name: Mech Dragon
Monsters in Series: [283, 284, 285, 286, 287, 1206, 1207]

Series ID: 27
Series Name: Toy Dragon
Monsters in Series: [288, 289, 290, 291, 292, 293, 294, 295, 296, 297, 298, 299, 300, 301, 302, 757, 758, 759, 760, 761]

Series ID: 28
Series Name: Pengdra
Monsters in Series: [303, 304, 305, 306, 307, 308, 600, 601, 602, 603]

Series ID: 29
Series Name: Elemental
Monsters in Series: [352, 353, 354, 355, 356, 357, 358, 359, 360, 361, 919, 920, 921, 922, 923]

Series ID: 30
Series Name: Norse God
Monsters in Series: [368, 369, 370, 371, 372, 373, 374, 375, 376, 377, 652, 653, 654, 655, 656, 1344, 1345, 1346, 1347, 1348, 2392, 2393, 2394, 2395, 2396]

Series ID: 31
Series Name: Rider
Monsters in Series: [378, 379, 380, 381, 382, 383, 384, 385, 386, 387, 1301, 1302, 1303, 1304, 1305]

Series ID: 32
Series Name: Mythical Beast
Monsters in Series: [398, 399, 400, 401, 402, 403, 404, 405, 406, 407, 1210, 1211, 1212, 1213, 1214]

Series ID: 33
Series Name: Sticker Girl
Monsters in Series: [414, 415, 416, 417, 418, 419, 420, 421, 422, 423, 424, 425, 426, 427, 428, 1511, 1512, 1513, 1514, 1515]

Series ID: 34
Series Name: Ancient Dragon
Monsters in Series: [441, 442, 443, 444, 445]

Series ID: 35
Series Name: Crystal Defender Collab
Monsters in Series: [446, 447, 448, 449, 450, 451, 452, 453, 454, 455, 456, 457, 458, 459, 460, 461, 462, 463, 464, 465, 466, 467, 468, 469, 470, 471, 472, 473, 474, 526, 527, 528, 529, 530, 531, 532, 533, 534, 535, 536, 537, 538, 539, 591, 592, 732, 733, 734, 735, 736, 991, 992, 993, 1900, 1901, 1902, 1903, 1904, 1905, 1906, 1907, 1908, 1909, 1910, 1911, 1912, 1913, 2799, 2800, 2801, 2802, 2803]

Series ID: 36
Series Name: Premium
Monsters in Series: [486, 487, 488, 489]

Series ID: 37
Series Name: Egyptian God 1
Monsters in Series: [490, 491, 492, 493, 494, 495, 496, 497, 498, 499, 888, 994, 995, 996, 997, 998, 999, 1000, 1001, 1613, 2009, 2010, 2011, 2012, 2013]

Series ID: 38
Series Name: Princess Punt Sweet Collab
Monsters in Series: [500, 501, 502, 503, 504, 505, 506, 507, 508, 509, 510, 511, 821]

Series ID: 39
Series Name: Snow Dome Dragon
Monsters in Series: [517, 518, 519, 520, 521, 522, 1003, 1004, 1005, 1006]

Series ID: 40
Series Name: Moltdra
Monsters in Series: [523, 524, 525, 577, 578]

Series ID: 41
Series Name: War Dragon
Monsters in Series: [540, 541, 542, 543, 544, 2130]

Series ID: 42
Series Name: Ninja
Monsters in Series: [545, 546, 547, 548, 549, 550, 551, 552, 553, 554, 1526, 1527, 1528, 1529, 1530]

Series ID: 43
Series Name: Sengoku
Monsters in Series: [555, 556, 557, 558, 559, 560, 561, 562, 563, 564, 565, 566, 681, 1191, 1192, 1193, 1194, 1195, 2006]

Series ID: 44
Series Name: Greco God
Monsters in Series: [567, 568, 569, 570, 571, 572, 573, 574, 575, 576, 889, 890, 891, 892, 893, 2235, 2236, 2237, 2238, 2239, 2748, 2749, 2750]

Series ID: 45
Series Name: Fey
Monsters in Series: [579, 580, 581, 582, 583, 584, 585, 586, 587, 588]

Series ID: 46
Series Name: Mighty God
Monsters in Series: [187, 188, 189, 190, 596, 597, 598, 599, 646, 647, 648, 649, 650, 651, 917, 918, 985, 1188, 1189, 1249, 1250, 1251, 1252, 1422, 1531, 1532, 1536, 1646, 1737, 2807]

Series ID: 47
Series Name: Archangel
Monsters in Series: [620, 621, 622, 623, 624, 625, 626, 627, 628, 629, 1216, 1253, 1254, 1255, 1256, 2498, 2499, 2500, 2501, 2502]

Series ID: 48
Series Name: Archdemon
Monsters in Series: [630, 631, 632, 633, 634, 635, 636, 637, 638, 639, 1257, 1258, 1259, 1260, 1261, 1552, 1553, 1628, 1629, 2503, 2504, 2505, 2506, 2507]

Series ID: 49
Series Name: Android
Monsters in Series: [659, 660, 831]

Series ID: 50
Series Name: ECO Collab
Monsters in Series: [342, 343, 344, 345, 346, 347, 348, 349, 666, 667, 668, 1318]

Series ID: 51
Series Name: Clash of Clans Collab
Monsters in Series: [720, 721, 722, 723, 724, 725, 726, 727, 728, 729, 730, 731]

Series ID: 52
Series Name: Evangelion Collab
Monsters in Series: [695, 696, 697, 698, 699, 700, 701, 702, 703, 704, 705, 706, 707, 708, 709, 710, 711, 712, 713, 714, 1200, 1201, 1202, 1203, 1204, 1205, 2326, 2327, 2328, 2329, 2330, 2331, 2332]

Series ID: 53
Series Name: Chinese God
Monsters in Series: [745, 746, 747, 748, 749, 750, 751, 752, 753, 754, 1218, 1262, 1263, 1264, 1265, 1266, 1267, 1268, 1269, 2073, 2074, 2075, 2076, 2077, 2389]

Series ID: 54
Series Name: God Fest. Exclusive God
Monsters in Series: [362, 363, 364, 365, 640, 641, 642, 643, 911, 912, 913, 914, 1088, 1089, 1107, 1108, 1217, 1241, 1242, 1243, 1244, 1359, 1360, 1372, 1373, 1374, 1375, 1423, 1585, 1586, 1587, 1588, 1644, 1645, 1669, 1670, 1671, 1672, 1673, 1674, 1747, 1925, 1946, 1947, 1948, 1949, 1950, 1951, 1952, 1953, 2078, 2141, 2142, 2143, 2144, 2145, 2146, 2147, 2148, 2149, 2150, 2179, 2390, 2440, 2441, 2442, 2443, 2508, 2509, 2562, 2563, 2564, 2565, 2566, 2567, 2591, 2592, 2640, 2641, 2663, 2710, 2711, 2712, 2713, 2714, 2744, 2745, 2746]

Series ID: 56
Series Name: Stone Dragon
Monsters in Series: [737, 738, 739, 740, 741, 1713]

Series ID: 55
Series Name: Japanese Mythology
Monsters in Series: [717, 718, 777, 778, 779, 809, 810, 811, 812, 813, 814, 827, 828, 829, 830, 2129, 2180, 2664, 2806]

Series ID: 57
Series Name: Promotion
Monsters in Series: [235, 350, 351, 366, 367, 485, 1177, 1320, 1321, 1508, 1914, 1915, 2715]

Series ID: 59
Series Name: Taiko no Tatsujin Collab
Monsters in Series: [272, 273, 274, 275, 276, 277, 278, 279, 280, 281, 282, 604, 605, 606, 1554, 2728, 2729, 2730, 2731]

Series ID: 60
Series Name: Shinrabansho Choco Collab
Monsters in Series: [715, 716, 882, 883, 884, 885, 886, 887, 934, 935, 1049, 1050, 1051, 1052, 1053, 1054, 1055, 1056, 1057, 1058, 1059, 1060, 1967, 1968, 1969, 1970, 1971, 1972, 1973, 1974, 1975, 1976, 1977, 1978, 1979, 1980, 1981, 1982, 1983, 1984, 1985, 1986, 1987, 1988, 1989, 1990, 1991, 1992, 1993, 1994, 1995, 1996, 1997, 1998, 1999, 2000, 2001, 2002, 2003, 2004, 2240, 2241, 2242, 2243, 2244, 2245, 2246, 2247, 2248, 2249, 2274, 2275, 2568, 2569, 2570, 2571, 2598, 2599, 2600]

Series ID: 62
Series Name: Monster Points
Monsters in Series: [2250, 2251, 2252, 2253, 2254, 2255, 2256, 2257, 2258, 2259, 2260, 2261, 2299, 2300, 2301, 2302, 2303, 2572, 2593, 2594]

Series ID: 58
Series Name: Gunma no Yabou Collab
Monsters in Series: [431, 432, 433, 434, 435, 436, 437, 438, 439, 440]

Series ID: 61
Series Name: Latent Awakening
Monsters in Series: [2207, 2208, 2209, 2210, 2211, 2212, 2213, 2214, 2215, 2216, 2425]

Series ID: 63
Series Name: Capybara-san Collab
Monsters in Series: [607, 608, 609, 610, 611, 612, 613, 614, 615, 616, 1936]

Series ID: 65
Series Name: Groove Coaster Collab
Monsters in Series: [762, 763, 764, 765, 766, 767, 768, 769, 770, 771, 1322, 2734, 2735]

Series ID: 66
Series Name: Mystic Dragon
Monsters in Series: [782, 783, 784, 785, 786, 787, 788, 789, 790, 791, 792, 793, 794, 795, 796, 1458, 1459]

Series ID: 64
Series Name: 7-Eleven Collab
Monsters in Series: [589, 590]

Series ID: 67
Series Name: Ragnarok Odyssey Ace Collab
Monsters in Series: [815, 816, 817, 818, 819, 820]

Series ID: 68
Series Name: Japanese God 2
Monsters in Series: [799, 800, 801, 802, 803, 804, 805, 806, 807, 808, 1296, 1297, 1298, 1299, 1300, 2278, 2279, 2280, 2281, 2282]

Series ID: 69
Series Name: Dragon's Dogma Quest Collab
Monsters in Series: [842, 843, 844, 845, 846, 847, 848, 849, 850, 851, 852, 853]

Series ID: 71
Series Name: Monster Hunter 4G Collab
Monsters in Series: [854, 855, 856, 857, 858, 859, 860, 861, 862, 863, 864, 865, 866, 867, 868, 869, 870, 871, 872, 873, 874, 875, 876, 877, 878, 879, 880, 881, 1196, 1197, 1198, 1199, 1603, 1604, 1605, 1606, 1607, 1608, 1609, 1610, 1611, 1612, 2339, 2340, 2341, 2342, 2343, 2344, 2345, 2346, 2347, 2348, 2349, 2350, 2351, 2352]

Series ID: 70
Series Name: Takaoka City Collab
Monsters in Series: [832, 833, 834, 835, 836, 837, 838, 839, 840, 841, 1219, 1220, 1880, 2105]

Series ID: 72
Series Name: Batman
Monsters in Series: [669, 670, 671, 672, 673, 674, 675, 676, 677, 678, 679, 680, 924, 925, 926, 927, 928, 929, 930, 931, 932, 933, 1221, 1476, 2133, 2134, 2135, 2136, 2137, 2138, 2139, 2140]

Series ID: 73
Series Name: Thirty One Icecream Collab
Monsters in Series: [936, 937, 938, 939, 940, 941, 942, 943, 944, 945, 946, 947, 1475]

Series ID: 74
Series Name: Pirate Dragon
Monsters in Series: [974, 975, 976, 977, 978, 979, 980, 981, 1007, 1008]

Series ID: 78
Series Name: Puzzle & Dragons Z Collab
Monsters in Series: [962, 963, 964, 965, 966, 967, 968, 969, 970, 971, 1120, 1121, 1122, 1123, 1124, 1125, 1126, 1127, 1128, 1129, 1130, 1131, 1132, 1133, 1134, 1135, 1349, 1350, 1351, 1352, 1353, 1354, 1355, 1356, 1357, 1358, 2752]

Series ID: 77
Series Name: Gear
Monsters in Series: [2195, 2196, 2197, 2198, 2199]

Series ID: 75
Series Name: Chaser
Monsters in Series: [896, 897, 898, 899, 900, 901, 902, 903, 904, 905]

Series ID: 76
Series Name: Angry Birds Collab
Monsters in Series: [948, 949, 950, 951, 952, 953, 954, 955, 956, 957, 958, 959, 960, 961, 1632, 1633, 1634, 1635, 1636, 1637, 1638, 1639, 1640, 1641, 1642, 1643]

Series ID: 80
Series Name: Heroes God
Monsters in Series: [1065, 1066, 1067, 1068, 1069, 1070, 1071, 1072, 1073, 1074, 1732, 1733, 1734, 1735, 1736, 2657, 2658, 2659, 2660, 2661, 2662]

Series ID: 79
Series Name: Hunter x Hunter Collab
Monsters in Series: [1009, 1010, 1011, 1012, 1013, 1014, 1015, 1016, 1017, 1018, 1019, 1020, 1021, 1022, 1023, 1024, 1025, 1026, 1027, 1028, 1029, 1030, 1031, 1032, 1033, 1034, 1035, 1036, 1037, 1038, 1039, 1040, 1041, 1042, 1043, 1044, 1045, 1046, 1047, 1048, 2226, 2227, 2228, 2229, 2230, 2231, 2232]

Series ID: 83
Series Name: Hello Kitty Collab
Monsters in Series: [1136, 1137, 1138, 1139, 1140, 1141, 1142, 1143, 1144, 1145, 1146, 1147, 1148, 1149, 1150, 1151, 1152, 1153, 1154, 1155, 1156, 1157, 1158, 1159, 1160, 1161, 1162, 1163, 1164, 1165, 2085, 2086, 2087, 2088, 2089, 2090]

Series ID: 84
Series Name: Flower Dragon
Monsters in Series: [1166, 1167, 1168, 1169, 1170, 1171, 1172, 1173, 1174, 1175, 1178, 1179, 1180, 1181, 1182, 1183, 1184, 1185, 1186, 1187, 1602]

Series ID: 81
Series Name: Fruit Dragon
Monsters in Series: [1075, 1076, 1077, 1078, 1079, 1080, 1081, 1082, 1083, 1084]

Series ID: 85
Series Name: Twin Dragon
Monsters in Series: [1224, 1225, 1226, 1227]

Series ID: 86
Series Name: Three Kingdoms
Monsters in Series: [1231, 1232, 1233, 1234, 1235, 1236, 1237, 1238, 1239, 1240, 1241, 1242, 1243, 1244, 1372, 1373, 1374, 1375, 1424, 1425, 1589, 1590, 1710, 1711, 1738, 1739, 1740, 1741, 1742, 1743, 1744, 1745, 1746, 2103, 2104]

Series ID: 82
Series Name: Tri-Fruit
Monsters in Series: [1085, 1086, 1087]

Series ID: 88
Series Name: Samurai God
Monsters in Series: [2264, 2265, 2266, 2267, 2268, 2269, 2270, 2271, 2272, 2273]

Series ID: 89
Series Name: TAMADRA
Monsters in Series: [797, 1002, 1228, 1229, 1230, 1323, 1466, 1467, 1468, 1469, 1701, 1702, 1703, 1891, 2067, 2454, 2455, 2456]

Series ID: 87
Series Name: PAD Battle Tournament Collab
Monsters in Series: [1275, 1276, 1277, 1278, 1279, 1280, 1281, 1282, 1283, 1284, 1285, 1286, 1287, 1288, 1289, 1290, 1291, 1292, 1293, 2070, 2071, 2072]

Series ID: 90
Series Name: Dragon Ball Collab
Monsters in Series: [1376, 1377, 1378, 1379, 1380, 1381, 1382, 1383, 1384, 1385, 1386, 1387, 1388, 1389, 1390, 1391, 1392, 1393, 1394, 1395, 1396, 1397, 1398, 1399, 1400, 1401, 1402, 1403, 1404, 1405, 1406, 1407, 1408, 1409, 1410, 1411, 1558, 1559, 1560, 1561, 1562, 1563, 1564, 1565, 1566, 1567, 1568, 1569, 1570, 1571, 1572, 1573, 1574, 1575, 1576, 1577, 1578, 1579, 1580, 1581, 1582, 1583, 1584, 1795, 1796, 1797, 1798, 1799, 1800, 1801, 1802, 1803, 1804, 1805, 1806, 1807, 1808, 1809, 1810, 1937, 1938, 1939, 1940, 1941, 1942, 1943, 2005]

Series ID: 91
Series Name: Dragon Knight
Monsters in Series: [1361, 1362, 1363, 1364, 1365, 1366, 1367, 1368, 1369, 1370]

Series ID: 92
Series Name: Saint Seiya
Monsters in Series: [1426, 1427, 1428, 1429, 1430, 1431, 1432, 1433, 1434, 1435, 1436, 1437, 1438, 1439, 1440, 1441, 1442, 1443, 1444, 1445, 1446, 1447, 1448, 1449, 1450, 1451, 1452, 1453, 1454, 1455, 1456, 1457, 1718, 1719, 1720, 1721, 1722, 1723, 1724, 1725, 2122, 2123, 2124, 2125, 2126]

Series ID: 94
Series Name: Fairy Tale
Monsters in Series: [1412, 1413, 1414, 1415, 1416, 1417, 1418, 1419, 1420, 1421]

Series ID: 96
Series Name: Descended Loot
Monsters in Series: [644, 645, 1061, 1062, 1063, 1064, 1097, 1098, 1371, 1462, 1463, 1464, 1465, 1509, 1510, 1710, 1711, 1759, 1760, 1916, 1917, 1918, 1922, 1923, 2007, 2008, 2068, 2069, 2181, 2182, 2183, 2184, 2233, 2234, 2262, 2263, 2319, 2320, 2382, 2383, 2399, 2400, 2401, 2402, 2523, 2524, 2638, 2639, 2721, 2722, 2809]

Series ID: 97
Series Name: Descended ( Condition ) Loot
Monsters in Series: [1118, 1119, 1222, 1223, 1245, 1246, 1247, 1248, 1306, 1307, 1424, 1425, 1460, 1461, 1589, 1590, 1647, 1648, 1838, 1839, 1840, 1841, 1842, 1843, 1844, 1845, 1846, 1847, 1944, 1945, 2103, 2104, 2205, 2206, 2391, 2397, 2398, 2548, 2549, 2550, 2551, 2736, 2737, 2738, 2804, 2805, 2808]

Series ID: 98
Series Name: Indian God 2
Monsters in Series: [1330, 1331, 1332, 1333, 1334, 1335, 1336, 1337, 1338, 1339, 2079, 2080, 2081, 2082, 2083]

Series ID: 99
Series Name: Dragon Swordsman
Monsters in Series: [1502, 1503, 1504, 1505, 1506, 1507, 1896, 1897, 1898, 1899]

Series ID: 100
Series Name: GungHo Collab
Monsters in Series: [662, 663, 664, 665, 1519, 1520, 1521, 1522, 1523, 2106, 2107, 2108, 2109, 2110, 2111, 2112, 2113, 2114, 2115, 2116, 2117, 2118, 2119, 2120, 2121]

Series ID: 95
Series Name: Standard Loot
Monsters in Series: [682, 683, 780, 781, 1215, 1342, 1343, 1473, 1712, 2091, 2092]

Series ID: 101
Series Name: Bikkuriman
Monsters in Series: [1477, 1478, 1479, 1480, 1481, 1482, 1483, 1484, 1485, 1486, 1487, 1488, 1489, 1490, 1491, 1492, 1493, 1494, 1495, 1496, 1497, 1498, 1499, 1500, 1501, 1886, 1887, 1888, 1889, 1890, 2217, 2218, 2219, 2220, 2221, 2222, 2223, 2224, 2225]

Series ID: 102
Series Name: Shield Knight
Monsters in Series: [1537, 1538, 1539, 1540, 1541, 1542, 1543, 1544, 1545, 1546]

Series ID: 103
Series Name: Skill-up Material
Monsters in Series: [1547, 1548, 1549, 1550, 1551]

Series ID: 104
Series Name: Wizard
Monsters in Series: [1614, 1615, 1616, 1617, 1618, 1619, 1620, 1621, 1622, 1623, 1624, 1625, 1626, 1627, 1704, 1705, 1706, 1707]

Series ID: 105
Series Name: Insect Dragon
Monsters in Series: [1591, 1592, 1593, 1594, 1595, 1596, 1597, 1598, 1599, 1600, 1601]

Series ID: 106
Series Name: Armored Knight
Monsters in Series: [1649, 1650, 1651, 1652, 1653, 1654, 1655, 1656, 1657, 1658]

Series ID: 107
Series Name: Egyptian God 2
Monsters in Series: [1659, 1660, 1661, 1662, 1663, 1664, 1665, 1666, 1667, 1668, 2384, 2385, 2386, 2387, 2388]

Series ID: 108
Series Name: DC Universe Collab
Monsters in Series: [1675, 1676, 1677, 1678, 1679, 1680, 1681, 1682, 1683, 1684, 1685, 1686, 1687, 1688, 1689, 1690, 1691, 1692, 1693, 1694, 1695, 1696, 1697, 1698, 1699, 1700]

Series ID: 109
Series Name: Grimoire
Monsters in Series: [1749, 1750, 1751, 1752, 1753, 1754, 1755, 1756, 1757, 1758]

Series ID: 110
Series Name: Christmas
Monsters in Series: [1781, 1782, 1783, 1784, 1785, 1786, 1787, 1788, 1789, 1790, 1791, 1792, 1793, 1794, 2510, 2511, 2512, 2513, 2514, 2515, 2516, 2517, 2518, 2519, 2520, 2521, 2522]

Series ID: 111
Series Name: Bowl Dragon
Monsters in Series: [1761, 1762, 1763, 1764, 1765, 1766, 1767, 1768, 1769, 1770, 1771, 1772, 1773, 1774, 1775, 1776, 1777, 1778, 1779, 1780]

Series ID: 112
Series Name: Warrior
Monsters in Series: [1881, 1882, 1883, 1884, 1885]

Series ID: 113
Series Name: Angel 2
Monsters in Series: [1826, 1827, 1828, 1829, 1830, 1831, 1832, 1833, 1834, 1835, 2493, 2494, 2495, 2496, 2497]

Series ID: 114
Series Name: Fist of the North Star Collab
Monsters in Series: [1850, 1851, 1852, 1853, 1854, 1855, 1856, 1857, 1858, 1859, 1860, 1861, 1862, 1863, 1864, 1865, 1866, 1867, 1868, 1869, 1870, 1871, 1872, 1873, 1874, 1875, 2444, 2445, 2446, 2447, 2448, 2449, 2450, 2451, 2452, 2453, 2454, 2455, 2456]

Series ID: 115
Series Name: Mini
Monsters in Series: [1714, 1715, 1716, 1717, 1811, 1812, 1813, 1814, 1815, 1816, 1817, 1818, 1819, 1820, 1821, 1822, 1823, 1824, 1876, 1877, 1929, 1930, 1931, 1932, 1933, 1934, 1935, 2020, 2021, 2022, 2023, 2024, 2025, 2026, 2027, 2028, 2314, 2315, 2316, 2317, 2321]

Series ID: 116
Series Name: PAD Academy
Monsters in Series: [2014, 2015, 2016, 2017, 2018, 2019]

Series ID: 117
Series Name: Cat Dragon
Monsters in Series: [1957, 1958, 1959, 1960, 1961, 1962, 1963, 1964, 1965, 1966]

Series ID: 118
Series Name: Final Fantasy Collab
Monsters in Series: [2029, 2030, 2031, 2032, 2033, 2034, 2035, 2036, 2037, 2038, 2039, 2040, 2041, 2042, 2043, 2044, 2045, 2046, 2047, 2048, 2049, 2050, 2051, 2052, 2053, 2054, 2055, 2056, 2057, 2058, 2059, 2060, 2061, 2062, 2063, 2064, 2065, 2066, 2084, 2764, 2765, 2766, 2767, 2768, 2769, 2770, 2771, 2772, 2773, 2774, 2775, 2776, 2777, 2778, 2779, 2780, 2781, 2782, 2783, 2784, 2785, 2786, 2787, 2788, 2789, 2790, 2791, 2792, 2793, 2794, 2795, 2796, 2797, 2798]

Series ID: 119
Series Name: Mythical Beast Rider
Monsters in Series: [2093, 2094, 2095, 2096, 2097, 2098, 2099, 2100, 2101, 2102]

Series ID: 120
Series Name: Ghost in the Shell Collab
Monsters in Series: [2131, 2132]

Series ID: 122
Series Name: Duel Masters Collab
Monsters in Series: [2151, 2152, 2153, 2154, 2155, 2156, 2157, 2158, 2159, 2160, 2161, 2162, 2163, 2164, 2165, 2166, 2167, 2168, 2169, 2170, 2171, 2172, 2173, 2174, 2175, 2176, 2177, 2178, 2200, 2201, 2202, 2203, 2204, 2595, 2596, 2597]

Series ID: 123
Series Name: Cyber Dragon
Monsters in Series: [2185, 2186, 2187, 2188, 2189]

Series ID: 124
Series Name: Cyber Beast
Monsters in Series: [2190, 2191, 2192, 2193, 2194]

Series ID: 125
Series Name: Summer Festival
Monsters in Series: [2283, 2284, 2285, 2286, 2287, 2288, 2289, 2290, 2291, 2292, 2318]

Series ID: 126
Series Name: Marionette
Monsters in Series: [2293, 2294, 2295, 2296, 2297, 2298]

Series ID: 127
Series Name: Armor Dragon
Monsters in Series: [2333, 2334, 2335, 2336, 2337, 2338, 2529, 2530, 2531, 2532]

Series ID: 129
Series Name: Attack on Titan
Monsters in Series: [2353, 2354, 2355, 2356, 2357, 2358, 2359, 2360, 2361, 2362, 2363, 2364, 2365, 2366, 2367, 2368, 2369, 2370, 2371, 2372, 2373, 2374, 2375, 2376, 2377, 2378, 2379, 2380, 2381]

Series ID: 130
Series Name: Halloween
Monsters in Series: [2403, 2404, 2405, 2406, 2407, 2408, 2409, 2410, 2411, 2412]

Series ID: 131
Series Name: Mechanical Star God 1
Monsters in Series: [2415, 2416, 2417, 2418, 2419, 2420, 2421, 2422, 2423, 2424]

Series ID: 132
Series Name: Dog Dragon
Monsters in Series: [2429, 2430, 2431, 2432, 2433, 2434, 2435, 2436, 2437, 2438, 2439]

Series ID: 133
Series Name: Ninja Hattori-kun
Monsters in Series: [2426, 2427, 2428]

Series ID: 134
Series Name: Shonen Sunday Collab
Monsters in Series: [2457, 2458, 2459, 2460, 2461, 2462, 2463, 2464, 2465, 2466, 2467, 2468, 2469, 2470, 2471, 2472, 2473, 2474, 2475, 2476, 2477, 2478, 2479, 2480, 2481, 2482, 2483, 2484, 2485, 2486, 2487, 2488, 2489, 2490, 2491, 2492]

Series ID: 135
Series Name: Descended ( Cooperation ) Loot
Monsters in Series: [2525, 2526, 2527, 2528]

Series ID: 136
Series Name: Prehistoric Dragon
Monsters in Series: [2575, 2576, 2577, 2578, 2579, 2580, 2581, 2582, 2583, 2584, 2585, 2586, 2587, 2588, 2589, 2590]

Series ID: 137
Series Name: New Year
Monsters in Series: [2533, 2534, 2535, 2536, 2537, 2538, 2539, 2540, 2541, 2542, 2543, 2544, 2545, 2546, 2547, 2574]

Series ID: 138
Series Name: Crows Collab
Monsters in Series: [2601, 2602, 2603, 2604, 2605, 2606, 2607, 2608, 2609, 2610, 2611, 2612, 2613, 2614, 2615, 2616, 2617, 2618, 2619, 2620, 2621, 2622, 2623, 2624, 2625, 2626, 2627, 2628, 2629, 2630, 2631, 2632, 2633, 2634, 2635]

Series ID: 139
Series Name: Mechanical Star God 2
Monsters in Series: [2552, 2553, 2554, 2555, 2556, 2557, 2558, 2559, 2560, 2561]

Series ID: 140
Series Name: Metallic Star Dragon
Monsters in Series: [2642, 2643, 2644, 2645, 2646, 2647, 2648, 2649, 2650, 2651, 2652, 2653, 2654, 2655, 2656]

Series ID: 141
Series Name: Gemstone Princess
Monsters in Series: [2665, 2666, 2667, 2668, 2669, 2670, 2671, 2672, 2673, 2674]

Series ID: 142
Series Name: Bleach Collab
Monsters in Series: [2675, 2676, 2677, 2678, 2679, 2680, 2681, 2682, 2683, 2684, 2685, 2686, 2687, 2688, 2689, 2690, 2691, 2692, 2693, 2694, 2695, 2696, 2697, 2698, 2699, 2700, 2701, 2702, 2703, 2704, 2705, 2706, 2707, 2708, 2709]

Series ID: 143
Series Name: Skill Transfer
Monsters in Series: [2723, 2724, 2725, 2726, 2727]

Series ID: 144
Series Name: Radar Dragon
Monsters in Series: [2718, 2719]

Series ID: 145
Series Name: Four Gentlemen
Monsters in Series: [2755, 2756]

